2025/12/10 11:41:48 [emerg] 1#1: host not found in upstream "bff" in /etc/nginx/conf.d/app.lakewatch.com.conf:18
2025/12/10 11:41:52 [notice] 1#1: using the "epoll" event method
2025/12/10 11:41:52 [notice] 1#1: nginx/1.29.3
2025/12/10 11:41:52 [notice] 1#1: built by gcc 14.2.0 (Debian 14.2.0-19) 
2025/12/10 11:41:52 [notice] 1#1: OS: Linux 5.15.167.4-microsoft-standard-WSL2
2025/12/10 11:41:52 [notice] 1#1: getrlimit(RLIMIT_NOFILE): 1048576:1048576
2025/12/10 11:41:52 [notice] 1#1: start worker processes
2025/12/10 11:41:52 [notice] 1#1: start worker process 20
2025/12/10 11:41:52 [notice] 1#1: start worker process 21
2025/12/10 11:41:52 [notice] 1#1: start worker process 22
2025/12/10 11:41:52 [notice] 1#1: start worker process 23
2025/12/10 11:41:52 [notice] 1#1: start worker process 24
2025/12/10 11:41:52 [notice] 1#1: start worker process 25
2025/12/10 11:41:52 [notice] 1#1: start worker process 26
2025/12/10 11:41:52 [notice] 1#1: start worker process 27
2025/12/10 11:41:52 [notice] 1#1: start worker process 28
2025/12/10 11:41:52 [notice] 1#1: start worker process 29
2025/12/10 11:41:52 [notice] 1#1: start worker process 30
2025/12/10 11:41:52 [notice] 1#1: start worker process 31
2025/12/10 11:41:52 [notice] 1#1: start worker process 32
2025/12/10 11:41:52 [notice] 1#1: start worker process 33
2025/12/10 11:41:52 [notice] 1#1: start worker process 34
2025/12/10 11:41:52 [notice] 1#1: start worker process 35
2025/12/10 11:42:26 [error] 23#23: *6 connect() failed (113: No route to host) while connecting to upstream, client: 172.29.0.1, server: accounts.lakewatch.com, request: "GET / HTTP/1.1", upstream: "http://172.29.0.16:8080/", host: "accounts.lakewatch.com"
2025/12/10 11:42:29 [error] 23#23: *6 connect() failed (113: No route to host) while connecting to upstream, client: 172.29.0.1, server: accounts.lakewatch.com, request: "GET /favicon.ico HTTP/1.1", upstream: "http://172.29.0.16:8080/favicon.ico", host: "accounts.lakewatch.com", referrer: "http://accounts.lakewatch.com/"
2025/12/10 11:47:12 [notice] 1#1: signal 3 (SIGQUIT) received, shutting down
2025/12/10 11:47:12 [notice] 21#21: gracefully shutting down
2025/12/10 11:47:12 [notice] 25#25: gracefully shutting down
2025/12/10 11:47:12 [notice] 22#22: gracefully shutting down
2025/12/10 11:47:12 [notice] 20#20: gracefully shutting down
2025/12/10 11:47:12 [notice] 23#23: gracefully shutting down
2025/12/10 11:47:12 [notice] 24#24: gracefully shutting down
2025/12/10 11:47:12 [notice] 24#24: exiting
2025/12/10 11:47:12 [notice] 26#26: gracefully shutting down
2025/12/10 11:47:12 [notice] 27#27: gracefully shutting down
2025/12/10 11:47:12 [notice] 28#28: gracefully shutting down
2025/12/10 11:47:12 [notice] 26#26: exiting
2025/12/10 11:47:12 [notice] 21#21: exiting
2025/12/10 11:47:12 [notice] 29#29: gracefully shutting down
2025/12/10 11:47:12 [notice] 31#31: gracefully shutting down
2025/12/10 11:47:12 [notice] 34#34: gracefully shutting down
2025/12/10 11:47:12 [notice] 32#32: gracefully shutting down
2025/12/10 11:47:12 [notice] 35#35: gracefully shutting down
2025/12/10 11:47:12 [notice] 31#31: exiting
2025/12/10 11:47:12 [notice] 33#33: gracefully shutting down
2025/12/10 11:47:12 [notice] 25#25: exiting
2025/12/10 11:47:12 [notice] 22#22: exiting
2025/12/10 11:47:12 [notice] 30#30: gracefully shutting down
2025/12/10 11:47:12 [notice] 20#20: exiting
2025/12/10 11:47:12 [notice] 23#23: exiting
2025/12/10 11:47:12 [notice] 24#24: exit
2025/12/10 11:47:12 [notice] 27#27: exiting
2025/12/10 11:47:12 [notice] 26#26: exit
2025/12/10 11:47:12 [notice] 21#21: exit
2025/12/10 11:47:12 [notice] 28#28: exiting
2025/12/10 11:47:12 [notice] 29#29: exiting
2025/12/10 11:47:12 [notice] 34#34: exiting
2025/12/10 11:47:12 [notice] 32#32: exiting
2025/12/10 11:47:12 [notice] 31#31: exit
2025/12/10 11:47:12 [notice] 35#35: exiting
2025/12/10 11:47:12 [notice] 25#25: exit
2025/12/10 11:47:12 [notice] 22#22: exit
2025/12/10 11:47:12 [notice] 33#33: exiting
2025/12/10 11:47:12 [notice] 20#20: exit
2025/12/10 11:47:12 [notice] 23#23: exit
2025/12/10 11:47:12 [notice] 27#27: exit
2025/12/10 11:47:12 [notice] 30#30: exiting
2025/12/10 11:47:12 [notice] 28#28: exit
2025/12/10 11:47:12 [notice] 29#29: exit
2025/12/10 11:47:12 [notice] 34#34: exit
2025/12/10 11:47:12 [notice] 32#32: exit
2025/12/10 11:47:12 [notice] 35#35: exit
2025/12/10 11:47:12 [notice] 33#33: exit
2025/12/10 11:47:12 [notice] 30#30: exit
2025/12/10 11:47:12 [notice] 1#1: signal 17 (SIGCHLD) received from 22
2025/12/10 11:47:12 [notice] 1#1: worker process 22 exited with code 0
2025/12/10 11:47:12 [notice] 1#1: worker process 24 exited with code 0
2025/12/10 11:47:12 [notice] 1#1: worker process 26 exited with code 0
2025/12/10 11:47:12 [notice] 1#1: worker process 31 exited with code 0
2025/12/10 11:47:12 [notice] 1#1: worker process 32 exited with code 0
2025/12/10 11:47:12 [notice] 1#1: signal 29 (SIGIO) received
2025/12/10 11:47:12 [notice] 1#1: signal 17 (SIGCHLD) received from 24
2025/12/10 11:47:12 [notice] 1#1: signal 17 (SIGCHLD) received from 25
2025/12/10 11:47:12 [notice] 1#1: worker process 20 exited with code 0
2025/12/10 11:47:12 [notice] 1#1: worker process 21 exited with code 0
2025/12/10 11:47:12 [notice] 1#1: worker process 25 exited with code 0
2025/12/10 11:47:12 [notice] 1#1: worker process 29 exited with code 0
2025/12/10 11:47:12 [notice] 1#1: worker process 34 exited with code 0
2025/12/10 11:47:12 [notice] 1#1: signal 29 (SIGIO) received
2025/12/10 11:47:12 [notice] 1#1: signal 17 (SIGCHLD) received from 20
2025/12/10 11:47:12 [notice] 1#1: signal 17 (SIGCHLD) received from 30
2025/12/10 11:47:12 [notice] 1#1: worker process 23 exited with code 0
2025/12/10 11:47:12 [notice] 1#1: worker process 27 exited with code 0
2025/12/10 11:47:12 [notice] 1#1: worker process 28 exited with code 0
2025/12/10 11:47:12 [notice] 1#1: worker process 30 exited with code 0
2025/12/10 11:47:12 [notice] 1#1: worker process 33 exited with code 0
2025/12/10 11:47:12 [notice] 1#1: signal 29 (SIGIO) received
2025/12/10 11:47:12 [notice] 1#1: signal 17 (SIGCHLD) received from 35
2025/12/10 11:47:12 [notice] 1#1: worker process 35 exited with code 0
2025/12/10 11:47:12 [notice] 1#1: exit
2025/12/10 11:47:50 [emerg] 1#1: host not found in upstream "keycloak" in /etc/nginx/conf.d/accounts.lakewatch.com.conf:8
2025/12/10 11:47:54 [emerg] 1#1: host not found in upstream "keycloak" in /etc/nginx/conf.d/accounts.lakewatch.com.conf:8
2025/12/10 11:47:58 [emerg] 1#1: host not found in upstream "keycloak" in /etc/nginx/conf.d/accounts.lakewatch.com.conf:8
2025/12/10 11:48:01 [emerg] 1#1: host not found in upstream "keycloak" in /etc/nginx/conf.d/accounts.lakewatch.com.conf:8
2025/12/10 11:48:05 [emerg] 1#1: host not found in upstream "keycloak" in /etc/nginx/conf.d/accounts.lakewatch.com.conf:8
2025/12/10 11:48:09 [emerg] 1#1: host not found in upstream "keycloak" in /etc/nginx/conf.d/accounts.lakewatch.com.conf:8
2025/12/10 11:48:16 [emerg] 1#1: host not found in upstream "keycloak" in /etc/nginx/conf.d/accounts.lakewatch.com.conf:8
2025/12/10 11:48:25 [emerg] 1#1: host not found in upstream "keycloak" in /etc/nginx/conf.d/accounts.lakewatch.com.conf:8
2025/12/10 11:48:41 [emerg] 1#1: host not found in upstream "keycloak" in /etc/nginx/conf.d/accounts.lakewatch.com.conf:7
2025/12/10 11:49:17 [emerg] 1#1: host not found in upstream "bff" in /etc/nginx/conf.d/app.lakewatch.com.conf:17
2025/12/10 11:49:21 [emerg] 1#1: host not found in upstream "keycloak" in /etc/nginx/conf.d/accounts.lakewatch.com.conf:7
2025/12/10 11:49:25 [emerg] 1#1: host not found in upstream "keycloak" in /etc/nginx/conf.d/accounts.lakewatch.com.conf:7
2025/12/10 11:49:28 [emerg] 1#1: host not found in upstream "keycloak" in /etc/nginx/conf.d/accounts.lakewatch.com.conf:7
2025/12/10 11:49:32 [emerg] 1#1: host not found in upstream "keycloak" in /etc/nginx/conf.d/accounts.lakewatch.com.conf:7
2025/12/10 11:49:36 [emerg] 1#1: host not found in upstream "keycloak" in /etc/nginx/conf.d/accounts.lakewatch.com.conf:7
2025/12/10 11:49:43 [emerg] 1#1: host not found in upstream "keycloak" in /etc/nginx/conf.d/accounts.lakewatch.com.conf:7
2025/12/10 11:49:52 [emerg] 1#1: host not found in upstream "keycloak" in /etc/nginx/conf.d/accounts.lakewatch.com.conf:7
2025/12/10 11:51:29 [emerg] 1#1: host not found in upstream "keycloak" in /etc/nginx/conf.d/accounts.lakewatch.com.conf:7
2025/12/10 11:51:33 [emerg] 1#1: host not found in upstream "keycloak" in /etc/nginx/conf.d/accounts.lakewatch.com.conf:7
2025/12/10 11:51:36 [emerg] 1#1: host not found in upstream "keycloak" in /etc/nginx/conf.d/accounts.lakewatch.com.conf:7
2025/12/10 11:51:40 [emerg] 1#1: host not found in upstream "keycloak" in /etc/nginx/conf.d/accounts.lakewatch.com.conf:7
2025/12/10 11:51:43 [emerg] 1#1: host not found in upstream "keycloak" in /etc/nginx/conf.d/accounts.lakewatch.com.conf:7
2025/12/10 11:51:48 [emerg] 1#1: host not found in upstream "keycloak" in /etc/nginx/conf.d/accounts.lakewatch.com.conf:7
2025/12/10 11:51:54 [emerg] 1#1: host not found in upstream "keycloak" in /etc/nginx/conf.d/accounts.lakewatch.com.conf:7
2025/12/10 11:52:03 [emerg] 1#1: host not found in upstream "keycloak" in /etc/nginx/conf.d/accounts.lakewatch.com.conf:7
2025/12/10 11:52:19 [emerg] 1#1: host not found in upstream "keycloak" in /etc/nginx/conf.d/accounts.lakewatch.com.conf:7
2025/12/10 11:52:48 [emerg] 1#1: host not found in upstream "keycloak" in /etc/nginx/conf.d/accounts.lakewatch.com.conf:7
2025/12/10 11:53:43 [emerg] 1#1: host not found in upstream "keycloak" in /etc/nginx/conf.d/accounts.lakewatch.com.conf:7
2025/12/10 11:54:46 [emerg] 1#1: host not found in upstream "keycloak" in /etc/nginx/conf.d/accounts.lakewatch.com.conf:7
2025/12/10 11:55:49 [emerg] 1#1: host not found in upstream "keycloak" in /etc/nginx/conf.d/accounts.lakewatch.com.conf:7
2025/12/10 11:56:52 [emerg] 1#1: host not found in upstream "keycloak" in /etc/nginx/conf.d/accounts.lakewatch.com.conf:7
2025/12/10 11:57:55 [emerg] 1#1: host not found in upstream "keycloak" in /etc/nginx/conf.d/accounts.lakewatch.com.conf:7
2025/12/10 11:58:58 [emerg] 1#1: host not found in upstream "keycloak" in /etc/nginx/conf.d/accounts.lakewatch.com.conf:7
2025/12/10 12:00:01 [emerg] 1#1: host not found in upstream "keycloak" in /etc/nginx/conf.d/accounts.lakewatch.com.conf:7
2025/12/10 12:00:46 [emerg] 1#1: host not found in upstream "bff" in /etc/nginx/conf.d/app.lakewatch.com.conf:17
2025/12/10 12:00:50 [notice] 1#1: using the "epoll" event method
2025/12/10 12:00:50 [notice] 1#1: nginx/1.29.3
2025/12/10 12:00:50 [notice] 1#1: built by gcc 14.2.0 (Debian 14.2.0-19) 
2025/12/10 12:00:50 [notice] 1#1: OS: Linux 5.15.167.4-microsoft-standard-WSL2
2025/12/10 12:00:50 [notice] 1#1: getrlimit(RLIMIT_NOFILE): 1048576:1048576
2025/12/10 12:00:50 [notice] 1#1: start worker processes
2025/12/10 12:00:50 [notice] 1#1: start worker process 20
2025/12/10 12:00:50 [notice] 1#1: start worker process 21
2025/12/10 12:00:50 [notice] 1#1: start worker process 22
2025/12/10 12:00:50 [notice] 1#1: start worker process 23
2025/12/10 12:00:50 [notice] 1#1: start worker process 24
2025/12/10 12:00:50 [notice] 1#1: start worker process 25
2025/12/10 12:00:50 [notice] 1#1: start worker process 26
2025/12/10 12:00:50 [notice] 1#1: start worker process 27
2025/12/10 12:00:50 [notice] 1#1: start worker process 28
2025/12/10 12:00:50 [notice] 1#1: start worker process 29
2025/12/10 12:00:50 [notice] 1#1: start worker process 30
2025/12/10 12:00:50 [notice] 1#1: start worker process 31
2025/12/10 12:00:50 [notice] 1#1: start worker process 32
2025/12/10 12:00:50 [notice] 1#1: start worker process 33
2025/12/10 12:00:50 [notice] 1#1: start worker process 34
2025/12/10 12:00:50 [notice] 1#1: start worker process 35
2025/12/10 12:01:23 [error] 23#23: *5 connect() failed (113: No route to host) while connecting to upstream, client: 172.29.0.1, server: accounts.lakewatch.com, request: "GET / HTTP/1.1", upstream: "http://172.29.0.16:8080/", host: "accounts.lakewatch.com"
2025/12/10 12:01:26 [error] 23#23: *5 connect() failed (113: No route to host) while connecting to upstream, client: 172.29.0.1, server: accounts.lakewatch.com, request: "GET /favicon.ico HTTP/1.1", upstream: "http://172.29.0.16:8080/favicon.ico", host: "accounts.lakewatch.com", referrer: "http://accounts.lakewatch.com/"
2025/12/10 12:04:09 [notice] 1#1: signal 3 (SIGQUIT) received, shutting down
2025/12/10 12:04:09 [notice] 21#21: gracefully shutting down
2025/12/10 12:04:09 [notice] 32#32: gracefully shutting down
2025/12/10 12:04:09 [notice] 20#20: gracefully shutting down
2025/12/10 12:04:09 [notice] 22#22: gracefully shutting down
2025/12/10 12:04:09 [notice] 23#23: gracefully shutting down
2025/12/10 12:04:09 [notice] 24#24: gracefully shutting down
2025/12/10 12:04:09 [notice] 25#25: gracefully shutting down
2025/12/10 12:04:09 [notice] 26#26: gracefully shutting down
2025/12/10 12:04:09 [notice] 27#27: gracefully shutting down
2025/12/10 12:04:09 [notice] 28#28: gracefully shutting down
2025/12/10 12:04:09 [notice] 29#29: gracefully shutting down
2025/12/10 12:04:09 [notice] 29#29: exiting
2025/12/10 12:04:09 [notice] 31#31: gracefully shutting down
2025/12/10 12:04:09 [notice] 30#30: gracefully shutting down
2025/12/10 12:04:09 [notice] 30#30: exiting
2025/12/10 12:04:09 [notice] 33#33: gracefully shutting down
2025/12/10 12:04:09 [notice] 34#34: gracefully shutting down
2025/12/10 12:04:09 [notice] 21#21: exiting
2025/12/10 12:04:09 [notice] 35#35: gracefully shutting down
2025/12/10 12:04:09 [notice] 32#32: exiting
2025/12/10 12:04:09 [notice] 20#20: exiting
2025/12/10 12:04:09 [notice] 22#22: exiting
2025/12/10 12:04:09 [notice] 23#23: exiting
2025/12/10 12:04:09 [notice] 24#24: exiting
2025/12/10 12:04:09 [notice] 25#25: exiting
2025/12/10 12:04:09 [notice] 26#26: exiting
2025/12/10 12:04:09 [notice] 27#27: exiting
2025/12/10 12:04:09 [notice] 28#28: exiting
2025/12/10 12:04:09 [notice] 29#29: exit
2025/12/10 12:04:09 [notice] 31#31: exiting
2025/12/10 12:04:09 [notice] 30#30: exit
2025/12/10 12:04:09 [notice] 33#33: exiting
2025/12/10 12:04:09 [notice] 34#34: exiting
2025/12/10 12:04:09 [notice] 21#21: exit
2025/12/10 12:04:09 [notice] 35#35: exiting
2025/12/10 12:04:09 [notice] 32#32: exit
2025/12/10 12:04:09 [notice] 20#20: exit
2025/12/10 12:04:09 [notice] 22#22: exit
2025/12/10 12:04:09 [notice] 23#23: exit
2025/12/10 12:04:09 [notice] 24#24: exit
2025/12/10 12:04:09 [notice] 25#25: exit
2025/12/10 12:04:09 [notice] 26#26: exit
2025/12/10 12:04:09 [notice] 27#27: exit
2025/12/10 12:04:09 [notice] 28#28: exit
2025/12/10 12:04:09 [notice] 31#31: exit
2025/12/10 12:04:09 [notice] 33#33: exit
2025/12/10 12:04:09 [notice] 34#34: exit
2025/12/10 12:04:09 [notice] 35#35: exit
2025/12/10 12:04:10 [notice] 1#1: signal 17 (SIGCHLD) received from 33
2025/12/10 12:04:10 [notice] 1#1: worker process 20 exited with code 0
2025/12/10 12:04:10 [notice] 1#1: worker process 27 exited with code 0
2025/12/10 12:04:10 [notice] 1#1: worker process 33 exited with code 0
2025/12/10 12:04:10 [notice] 1#1: signal 29 (SIGIO) received
2025/12/10 12:04:10 [notice] 1#1: signal 17 (SIGCHLD) received from 21
2025/12/10 12:04:10 [notice] 1#1: worker process 21 exited with code 0
2025/12/10 12:04:10 [notice] 1#1: worker process 24 exited with code 0
2025/12/10 12:04:10 [notice] 1#1: worker process 26 exited with code 0
2025/12/10 12:04:10 [notice] 1#1: signal 29 (SIGIO) received
2025/12/10 12:04:10 [notice] 1#1: signal 17 (SIGCHLD) received from 25
2025/12/10 12:04:10 [notice] 1#1: worker process 25 exited with code 0
2025/12/10 12:04:10 [notice] 1#1: worker process 34 exited with code 0
2025/12/10 12:04:10 [notice] 1#1: signal 29 (SIGIO) received
2025/12/10 12:04:10 [notice] 1#1: signal 17 (SIGCHLD) received from 34
2025/12/10 12:04:10 [notice] 1#1: signal 17 (SIGCHLD) received from 31
2025/12/10 12:04:10 [notice] 1#1: worker process 22 exited with code 0
2025/12/10 12:04:10 [notice] 1#1: worker process 28 exited with code 0
2025/12/10 12:04:10 [notice] 1#1: worker process 29 exited with code 0
2025/12/10 12:04:10 [notice] 1#1: worker process 31 exited with code 0
2025/12/10 12:04:10 [notice] 1#1: worker process 32 exited with code 0
2025/12/10 12:04:10 [notice] 1#1: signal 29 (SIGIO) received
2025/12/10 12:04:10 [notice] 1#1: signal 17 (SIGCHLD) received from 30
2025/12/10 12:04:10 [notice] 1#1: worker process 23 exited with code 0
2025/12/10 12:04:10 [notice] 1#1: worker process 30 exited with code 0
2025/12/10 12:04:10 [notice] 1#1: signal 29 (SIGIO) received
2025/12/10 12:04:10 [notice] 1#1: signal 17 (SIGCHLD) received from 35
2025/12/10 12:04:10 [notice] 1#1: worker process 35 exited with code 0
2025/12/10 12:04:10 [notice] 1#1: exit
2025/12/10 12:04:11 [notice] 1#1: using the "epoll" event method
2025/12/10 12:04:11 [notice] 1#1: nginx/1.29.3
2025/12/10 12:04:11 [notice] 1#1: built by gcc 14.2.0 (Debian 14.2.0-19) 
2025/12/10 12:04:11 [notice] 1#1: OS: Linux 5.15.167.4-microsoft-standard-WSL2
2025/12/10 12:04:11 [notice] 1#1: getrlimit(RLIMIT_NOFILE): 1048576:1048576
2025/12/10 12:04:11 [notice] 1#1: start worker processes
2025/12/10 12:04:11 [notice] 1#1: start worker process 20
2025/12/10 12:04:11 [notice] 1#1: start worker process 21
2025/12/10 12:04:11 [notice] 1#1: start worker process 22
2025/12/10 12:04:11 [notice] 1#1: start worker process 23
2025/12/10 12:04:11 [notice] 1#1: start worker process 24
2025/12/10 12:04:11 [notice] 1#1: start worker process 25
2025/12/10 12:04:11 [notice] 1#1: start worker process 26
2025/12/10 12:04:11 [notice] 1#1: start worker process 27
2025/12/10 12:04:11 [notice] 1#1: start worker process 28
2025/12/10 12:04:11 [notice] 1#1: start worker process 29
2025/12/10 12:04:11 [notice] 1#1: start worker process 30
2025/12/10 12:04:11 [notice] 1#1: start worker process 31
2025/12/10 12:04:11 [notice] 1#1: start worker process 32
2025/12/10 12:04:11 [notice] 1#1: start worker process 33
2025/12/10 12:04:11 [notice] 1#1: start worker process 34
2025/12/10 12:04:11 [notice] 1#1: start worker process 35
2025/12/10 12:05:57 [notice] 1#1: signal 3 (SIGQUIT) received, shutting down
2025/12/10 12:05:57 [notice] 20#20: gracefully shutting down
2025/12/10 12:05:57 [notice] 26#26: gracefully shutting down
2025/12/10 12:05:57 [notice] 22#22: gracefully shutting down
2025/12/10 12:05:57 [notice] 23#23: gracefully shutting down
2025/12/10 12:05:57 [notice] 24#24: gracefully shutting down
2025/12/10 12:05:57 [notice] 25#25: gracefully shutting down
2025/12/10 12:05:57 [notice] 27#27: gracefully shutting down
2025/12/10 12:05:57 [notice] 20#20: exiting
2025/12/10 12:05:57 [notice] 29#29: gracefully shutting down
2025/12/10 12:05:57 [notice] 28#28: gracefully shutting down
2025/12/10 12:05:57 [notice] 30#30: gracefully shutting down
2025/12/10 12:05:57 [notice] 31#31: gracefully shutting down
2025/12/10 12:05:57 [notice] 32#32: gracefully shutting down
2025/12/10 12:05:57 [notice] 33#33: gracefully shutting down
2025/12/10 12:05:57 [notice] 34#34: gracefully shutting down
2025/12/10 12:05:57 [notice] 35#35: gracefully shutting down
2025/12/10 12:05:57 [notice] 21#21: gracefully shutting down
2025/12/10 12:05:57 [notice] 26#26: exiting
2025/12/10 12:05:57 [notice] 22#22: exiting
2025/12/10 12:05:57 [notice] 23#23: exiting
2025/12/10 12:05:57 [notice] 24#24: exiting
2025/12/10 12:05:57 [notice] 25#25: exiting
2025/12/10 12:05:57 [notice] 27#27: exiting
2025/12/10 12:05:57 [notice] 20#20: exit
2025/12/10 12:05:57 [notice] 29#29: exiting
2025/12/10 12:05:57 [notice] 28#28: exiting
2025/12/10 12:05:57 [notice] 30#30: exiting
2025/12/10 12:05:57 [notice] 31#31: exiting
2025/12/10 12:05:57 [notice] 32#32: exiting
2025/12/10 12:05:57 [notice] 33#33: exiting
2025/12/10 12:05:57 [notice] 34#34: exiting
2025/12/10 12:05:57 [notice] 35#35: exiting
2025/12/10 12:05:57 [notice] 21#21: exiting
2025/12/10 12:05:57 [notice] 26#26: exit
2025/12/10 12:05:57 [notice] 22#22: exit
2025/12/10 12:05:57 [notice] 23#23: exit
2025/12/10 12:05:57 [notice] 24#24: exit
2025/12/10 12:05:57 [notice] 25#25: exit
2025/12/10 12:05:57 [notice] 27#27: exit
2025/12/10 12:05:57 [notice] 29#29: exit
2025/12/10 12:05:57 [notice] 28#28: exit
2025/12/10 12:05:57 [notice] 30#30: exit
2025/12/10 12:05:57 [notice] 31#31: exit
2025/12/10 12:05:57 [notice] 32#32: exit
2025/12/10 12:05:57 [notice] 33#33: exit
2025/12/10 12:05:57 [notice] 34#34: exit
2025/12/10 12:05:57 [notice] 35#35: exit
2025/12/10 12:05:57 [notice] 21#21: exit
2025/12/10 12:05:57 [notice] 1#1: signal 17 (SIGCHLD) received from 30
2025/12/10 12:05:57 [notice] 1#1: worker process 20 exited with code 0
2025/12/10 12:05:57 [notice] 1#1: worker process 23 exited with code 0
2025/12/10 12:05:57 [notice] 1#1: worker process 24 exited with code 0
2025/12/10 12:05:57 [notice] 1#1: worker process 25 exited with code 0
2025/12/10 12:05:57 [notice] 1#1: worker process 26 exited with code 0
2025/12/10 12:05:57 [notice] 1#1: worker process 27 exited with code 0
2025/12/10 12:05:57 [notice] 1#1: worker process 28 exited with code 0
2025/12/10 12:05:57 [notice] 1#1: worker process 29 exited with code 0
2025/12/10 12:05:57 [notice] 1#1: worker process 30 exited with code 0
2025/12/10 12:05:57 [notice] 1#1: worker process 32 exited with code 0
2025/12/10 12:05:57 [notice] 1#1: worker process 33 exited with code 0
2025/12/10 12:05:57 [notice] 1#1: worker process 34 exited with code 0
2025/12/10 12:05:57 [notice] 1#1: worker process 35 exited with code 0
2025/12/10 12:05:57 [notice] 1#1: signal 29 (SIGIO) received
2025/12/10 12:05:57 [notice] 1#1: signal 17 (SIGCHLD) received from 28
2025/12/10 12:05:57 [notice] 1#1: signal 17 (SIGCHLD) received from 31
2025/12/10 12:05:57 [notice] 1#1: worker process 31 exited with code 0
2025/12/10 12:05:57 [notice] 1#1: signal 29 (SIGIO) received
2025/12/10 12:05:57 [notice] 1#1: signal 17 (SIGCHLD) received from 22
2025/12/10 12:05:57 [notice] 1#1: worker process 21 exited with code 0
2025/12/10 12:05:57 [notice] 1#1: worker process 22 exited with code 0
2025/12/10 12:05:57 [notice] 1#1: exit
2025/12/10 12:09:12 [notice] 1#1: using the "epoll" event method
2025/12/10 12:09:12 [notice] 1#1: nginx/1.29.3
2025/12/10 12:09:12 [notice] 1#1: built by gcc 14.2.0 (Debian 14.2.0-19) 
2025/12/10 12:09:12 [notice] 1#1: OS: Linux 5.15.167.4-microsoft-standard-WSL2
2025/12/10 12:09:12 [notice] 1#1: getrlimit(RLIMIT_NOFILE): 1048576:1048576
2025/12/10 12:09:12 [notice] 1#1: start worker processes
2025/12/10 12:09:12 [notice] 1#1: start worker process 20
2025/12/10 12:09:12 [notice] 1#1: start worker process 21
2025/12/10 12:09:12 [notice] 1#1: start worker process 22
2025/12/10 12:09:12 [notice] 1#1: start worker process 23
2025/12/10 12:09:12 [notice] 1#1: start worker process 24
2025/12/10 12:09:12 [notice] 1#1: start worker process 25
2025/12/10 12:09:12 [notice] 1#1: start worker process 26
2025/12/10 12:09:12 [notice] 1#1: start worker process 27
2025/12/10 12:09:12 [notice] 1#1: start worker process 28
2025/12/10 12:09:12 [notice] 1#1: start worker process 29
2025/12/10 12:09:12 [notice] 1#1: start worker process 30
2025/12/10 12:09:12 [notice] 1#1: start worker process 31
2025/12/10 12:09:12 [notice] 1#1: start worker process 32
2025/12/10 12:09:12 [notice] 1#1: start worker process 33
2025/12/10 12:09:12 [notice] 1#1: start worker process 34
2025/12/10 12:09:12 [notice] 1#1: start worker process 35
2025/12/10 12:10:11 [error] 22#22: *7 connect() failed (113: No route to host) while connecting to upstream, client: 172.29.0.1, server: accounts.lakewatch.com, request: "GET / HTTP/1.1", upstream: "http://172.29.0.16:8080/", host: "accounts.lakewatch.com"
2025/12/10 12:10:14 [error] 22#22: *7 connect() failed (113: No route to host) while connecting to upstream, client: 172.29.0.1, server: accounts.lakewatch.com, request: "GET / HTTP/1.1", upstream: "http://172.29.0.16:8080/", host: "accounts.lakewatch.com"
2025/12/10 12:10:17 [error] 22#22: *7 connect() failed (113: No route to host) while connecting to upstream, client: 172.29.0.1, server: accounts.lakewatch.com, request: "GET /favicon.ico HTTP/1.1", upstream: "http://172.29.0.16:8080/favicon.ico", host: "accounts.lakewatch.com", referrer: "http://accounts.lakewatch.com/"
2025/12/10 12:12:53 [error] 24#24: *12 connect() failed (111: Connection refused) while connecting to upstream, client: 172.29.0.1, server: accounts.lakewatch.com, request: "GET / HTTP/1.1", upstream: "http://172.29.0.16:8080/", host: "accounts.lakewatch.com"
2025/12/10 12:12:53 [error] 24#24: *12 connect() failed (111: Connection refused) while connecting to upstream, client: 172.29.0.1, server: accounts.lakewatch.com, request: "GET /favicon.ico HTTP/1.1", upstream: "http://172.29.0.16:8080/favicon.ico", host: "accounts.lakewatch.com", referrer: "http://accounts.lakewatch.com/"
2025/12/10 12:13:02 [notice] 1#1: signal 3 (SIGQUIT) received, shutting down
2025/12/10 12:13:02 [notice] 20#20: gracefully shutting down
2025/12/10 12:13:02 [notice] 29#29: gracefully shutting down
2025/12/10 12:13:02 [notice] 22#22: gracefully shutting down
2025/12/10 12:13:02 [notice] 21#21: gracefully shutting down
2025/12/10 12:13:02 [notice] 23#23: gracefully shutting down
2025/12/10 12:13:02 [notice] 24#24: gracefully shutting down
2025/12/10 12:13:02 [notice] 25#25: gracefully shutting down
2025/12/10 12:13:02 [notice] 27#27: gracefully shutting down
2025/12/10 12:13:02 [notice] 28#28: gracefully shutting down
2025/12/10 12:13:02 [notice] 26#26: gracefully shutting down
2025/12/10 12:13:02 [notice] 30#30: gracefully shutting down
2025/12/10 12:13:02 [notice] 33#33: gracefully shutting down
2025/12/10 12:13:02 [notice] 30#30: exiting
2025/12/10 12:13:02 [notice] 31#31: gracefully shutting down
2025/12/10 12:13:02 [notice] 32#32: gracefully shutting down
2025/12/10 12:13:02 [notice] 35#35: gracefully shutting down
2025/12/10 12:13:02 [notice] 34#34: gracefully shutting down
2025/12/10 12:13:02 [notice] 29#29: exiting
2025/12/10 12:13:02 [notice] 22#22: exiting
2025/12/10 12:13:02 [notice] 20#20: exiting
2025/12/10 12:13:02 [notice] 21#21: exiting
2025/12/10 12:13:02 [notice] 23#23: exiting
2025/12/10 12:13:02 [notice] 24#24: exiting
2025/12/10 12:13:02 [notice] 27#27: exiting
2025/12/10 12:13:02 [notice] 28#28: exiting
2025/12/10 12:13:02 [notice] 26#26: exiting
2025/12/10 12:13:02 [notice] 33#33: exiting
2025/12/10 12:13:02 [notice] 30#30: exit
2025/12/10 12:13:02 [notice] 31#31: exiting
2025/12/10 12:13:02 [notice] 32#32: exiting
2025/12/10 12:13:02 [notice] 35#35: exiting
2025/12/10 12:13:02 [notice] 34#34: exiting
2025/12/10 12:13:02 [notice] 29#29: exit
2025/12/10 12:13:02 [notice] 22#22: exit
2025/12/10 12:13:02 [notice] 20#20: exit
2025/12/10 12:13:02 [notice] 21#21: exit
2025/12/10 12:13:02 [notice] 23#23: exit
2025/12/10 12:13:02 [notice] 24#24: exit
2025/12/10 12:13:02 [notice] 27#27: exit
2025/12/10 12:13:02 [notice] 28#28: exit
2025/12/10 12:13:02 [notice] 26#26: exit
2025/12/10 12:13:02 [notice] 33#33: exit
2025/12/10 12:13:02 [notice] 32#32: exit
2025/12/10 12:13:02 [notice] 31#31: exit
2025/12/10 12:13:02 [notice] 35#35: exit
2025/12/10 12:13:02 [notice] 34#34: exit
2025/12/10 12:13:02 [notice] 1#1: signal 17 (SIGCHLD) received from 31
2025/12/10 12:13:02 [notice] 1#1: worker process 20 exited with code 0
2025/12/10 12:13:02 [notice] 1#1: worker process 22 exited with code 0
2025/12/10 12:13:02 [notice] 1#1: worker process 31 exited with code 0
2025/12/10 12:13:02 [notice] 1#1: worker process 33 exited with code 0
2025/12/10 12:13:02 [notice] 1#1: signal 29 (SIGIO) received
2025/12/10 12:13:02 [notice] 1#1: signal 17 (SIGCHLD) received from 30
2025/12/10 12:13:02 [notice] 1#1: worker process 21 exited with code 0
2025/12/10 12:13:02 [notice] 1#1: worker process 23 exited with code 0
2025/12/10 12:13:02 [notice] 1#1: worker process 24 exited with code 0
2025/12/10 12:13:02 [notice] 1#1: worker process 26 exited with code 0
2025/12/10 12:13:02 [notice] 1#1: worker process 27 exited with code 0
2025/12/10 12:13:02 [notice] 1#1: worker process 28 exited with code 0
2025/12/10 12:13:02 [notice] 1#1: worker process 29 exited with code 0
2025/12/10 12:13:02 [notice] 1#1: worker process 30 exited with code 0
2025/12/10 12:13:02 [notice] 1#1: worker process 32 exited with code 0
2025/12/10 12:13:02 [notice] 1#1: worker process 34 exited with code 0
2025/12/10 12:13:02 [notice] 1#1: worker process 35 exited with code 0
2025/12/10 12:13:02 [notice] 1#1: signal 29 (SIGIO) received
2025/12/10 12:13:02 [notice] 1#1: signal 17 (SIGCHLD) received from 23
2025/12/10 12:13:17 [notice] 1#1: using the "epoll" event method
2025/12/10 12:13:17 [notice] 1#1: nginx/1.29.3
2025/12/10 12:13:17 [notice] 1#1: built by gcc 14.2.0 (Debian 14.2.0-19) 
2025/12/10 12:13:17 [notice] 1#1: OS: Linux 5.15.167.4-microsoft-standard-WSL2
2025/12/10 12:13:17 [notice] 1#1: getrlimit(RLIMIT_NOFILE): 1048576:1048576
2025/12/10 12:13:17 [notice] 1#1: start worker processes
2025/12/10 12:13:17 [notice] 1#1: start worker process 21
2025/12/10 12:13:17 [notice] 1#1: start worker process 22
2025/12/10 12:13:17 [notice] 1#1: start worker process 23
2025/12/10 12:13:17 [notice] 1#1: start worker process 24
2025/12/10 12:13:17 [notice] 1#1: start worker process 25
2025/12/10 12:13:17 [notice] 1#1: start worker process 26
2025/12/10 12:13:17 [notice] 1#1: start worker process 27
2025/12/10 12:13:17 [notice] 1#1: start worker process 28
2025/12/10 12:13:17 [notice] 1#1: start worker process 29
2025/12/10 12:13:17 [notice] 1#1: start worker process 30
2025/12/10 12:13:17 [notice] 1#1: start worker process 31
2025/12/10 12:13:17 [notice] 1#1: start worker process 32
2025/12/10 12:13:17 [notice] 1#1: start worker process 33
2025/12/10 12:13:17 [notice] 1#1: start worker process 34
2025/12/10 12:13:17 [notice] 1#1: start worker process 35
2025/12/10 12:13:17 [notice] 1#1: start worker process 36
2025/12/10 12:17:19 [notice] 1#1: signal 3 (SIGQUIT) received, shutting down
2025/12/10 12:17:19 [notice] 21#21: gracefully shutting down
2025/12/10 12:17:19 [notice] 25#25: gracefully shutting down
2025/12/10 12:17:19 [notice] 26#26: gracefully shutting down
2025/12/10 12:17:19 [notice] 27#27: gracefully shutting down
2025/12/10 12:17:19 [notice] 24#24: gracefully shutting down
2025/12/10 12:17:19 [notice] 29#29: gracefully shutting down
2025/12/10 12:17:19 [notice] 32#32: gracefully shutting down
2025/12/10 12:17:19 [notice] 31#31: gracefully shutting down
2025/12/10 12:17:19 [notice] 30#30: gracefully shutting down
2025/12/10 12:17:19 [notice] 33#33: gracefully shutting down
2025/12/10 12:17:19 [notice] 35#35: gracefully shutting down
2025/12/10 12:17:19 [notice] 34#34: gracefully shutting down
2025/12/10 12:17:19 [notice] 36#36: gracefully shutting down
2025/12/10 12:17:19 [notice] 22#22: gracefully shutting down
2025/12/10 12:17:19 [notice] 28#28: gracefully shutting down
2025/12/10 12:17:19 [notice] 23#23: gracefully shutting down
2025/12/10 12:17:19 [notice] 21#21: exiting
2025/12/10 12:17:19 [notice] 23#23: exiting
2025/12/10 12:17:19 [notice] 25#25: exiting
2025/12/10 12:17:19 [notice] 26#26: exiting
2025/12/10 12:17:19 [notice] 27#27: exiting
2025/12/10 12:17:19 [notice] 24#24: exiting
2025/12/10 12:17:19 [notice] 29#29: exiting
2025/12/10 12:17:19 [notice] 32#32: exiting
2025/12/10 12:17:19 [notice] 30#30: exiting
2025/12/10 12:17:19 [notice] 31#31: exiting
2025/12/10 12:17:19 [notice] 33#33: exiting
2025/12/10 12:17:19 [notice] 35#35: exiting
2025/12/10 12:17:19 [notice] 34#34: exiting
2025/12/10 12:17:19 [notice] 36#36: exiting
2025/12/10 12:17:19 [notice] 22#22: exiting
2025/12/10 12:17:19 [notice] 28#28: exiting
2025/12/10 12:17:19 [notice] 21#21: exit
2025/12/10 12:17:19 [notice] 23#23: exit
2025/12/10 12:17:19 [notice] 25#25: exit
2025/12/10 12:17:19 [notice] 26#26: exit
2025/12/10 12:17:19 [notice] 27#27: exit
2025/12/10 12:17:19 [notice] 24#24: exit
2025/12/10 12:17:19 [notice] 29#29: exit
2025/12/10 12:17:19 [notice] 32#32: exit
2025/12/10 12:17:19 [notice] 30#30: exit
2025/12/10 12:17:19 [notice] 31#31: exit
2025/12/10 12:17:19 [notice] 33#33: exit
2025/12/10 12:17:19 [notice] 35#35: exit
2025/12/10 12:17:19 [notice] 34#34: exit
2025/12/10 12:17:19 [notice] 36#36: exit
2025/12/10 12:17:19 [notice] 22#22: exit
2025/12/10 12:17:19 [notice] 28#28: exit
2025/12/10 12:17:19 [notice] 1#1: signal 17 (SIGCHLD) received from 23
2025/12/10 12:17:19 [notice] 1#1: worker process 23 exited with code 0
2025/12/10 12:17:19 [notice] 1#1: worker process 31 exited with code 0
2025/12/10 12:17:19 [notice] 1#1: signal 29 (SIGIO) received
2025/12/10 12:17:19 [notice] 1#1: signal 17 (SIGCHLD) received from 24
2025/12/10 12:17:19 [notice] 1#1: worker process 21 exited with code 0
2025/12/10 12:17:19 [notice] 1#1: worker process 22 exited with code 0
2025/12/10 12:17:19 [notice] 1#1: worker process 24 exited with code 0
2025/12/10 12:17:19 [notice] 1#1: worker process 27 exited with code 0
2025/12/10 12:17:19 [notice] 1#1: worker process 28 exited with code 0
2025/12/10 12:17:19 [notice] 1#1: worker process 29 exited with code 0
2025/12/10 12:17:19 [notice] 1#1: worker process 32 exited with code 0
2025/12/10 12:17:19 [notice] 1#1: worker process 34 exited with code 0
2025/12/10 12:17:19 [notice] 1#1: worker process 36 exited with code 0
2025/12/10 12:17:19 [notice] 1#1: signal 29 (SIGIO) received
2025/12/10 12:17:19 [notice] 1#1: signal 17 (SIGCHLD) received from 22
2025/12/10 12:17:19 [notice] 1#1: signal 17 (SIGCHLD) received from 25
2025/12/10 12:17:19 [notice] 1#1: worker process 25 exited with code 0
2025/12/10 12:17:19 [notice] 1#1: worker process 30 exited with code 0
2025/12/10 12:17:19 [notice] 1#1: signal 29 (SIGIO) received
2025/12/10 12:17:19 [notice] 1#1: signal 17 (SIGCHLD) received from 33
2025/12/10 12:17:19 [notice] 1#1: worker process 26 exited with code 0
2025/12/10 12:17:19 [notice] 1#1: worker process 33 exited with code 0
2025/12/10 12:17:19 [notice] 1#1: signal 29 (SIGIO) received
2025/12/10 12:17:19 [notice] 1#1: signal 17 (SIGCHLD) received from 35
2025/12/10 12:17:19 [notice] 1#1: worker process 35 exited with code 0
2025/12/10 12:17:19 [notice] 1#1: exit
2025/12/10 12:17:41 [notice] 1#1: using the "epoll" event method
2025/12/10 12:17:41 [notice] 1#1: nginx/1.29.3
2025/12/10 12:17:41 [notice] 1#1: built by gcc 14.2.0 (Debian 14.2.0-19) 
2025/12/10 12:17:41 [notice] 1#1: OS: Linux 5.15.167.4-microsoft-standard-WSL2
2025/12/10 12:17:41 [notice] 1#1: getrlimit(RLIMIT_NOFILE): 1048576:1048576
2025/12/10 12:17:41 [notice] 1#1: start worker processes
2025/12/10 12:17:41 [notice] 1#1: start worker process 20
2025/12/10 12:17:41 [notice] 1#1: start worker process 21
2025/12/10 12:17:41 [notice] 1#1: start worker process 22
2025/12/10 12:17:41 [notice] 1#1: start worker process 23
2025/12/10 12:17:41 [notice] 1#1: start worker process 24
2025/12/10 12:17:41 [notice] 1#1: start worker process 25
2025/12/10 12:17:41 [notice] 1#1: start worker process 26
2025/12/10 12:17:41 [notice] 1#1: start worker process 27
2025/12/10 12:17:41 [notice] 1#1: start worker process 28
2025/12/10 12:17:41 [notice] 1#1: start worker process 29
2025/12/10 12:17:41 [notice] 1#1: start worker process 30
2025/12/10 12:17:41 [notice] 1#1: start worker process 31
2025/12/10 12:17:41 [notice] 1#1: start worker process 32
2025/12/10 12:17:41 [notice] 1#1: start worker process 33
2025/12/10 12:17:41 [notice] 1#1: start worker process 34
2025/12/10 12:17:41 [notice] 1#1: start worker process 35
2025/12/10 12:18:15 [notice] 1#1: using the "epoll" event method
2025/12/10 12:18:15 [notice] 1#1: nginx/1.29.3
2025/12/10 12:18:15 [notice] 1#1: built by gcc 14.2.0 (Debian 14.2.0-19) 
2025/12/10 12:18:15 [notice] 1#1: OS: Linux 5.15.167.4-microsoft-standard-WSL2
2025/12/10 12:18:15 [notice] 1#1: getrlimit(RLIMIT_NOFILE): 1048576:1048576
2025/12/10 12:18:15 [notice] 1#1: start worker processes
2025/12/10 12:18:15 [notice] 1#1: start worker process 20
2025/12/10 12:18:15 [notice] 1#1: start worker process 21
2025/12/10 12:18:15 [notice] 1#1: start worker process 22
2025/12/10 12:18:15 [notice] 1#1: start worker process 23
2025/12/10 12:18:15 [notice] 1#1: start worker process 24
2025/12/10 12:18:15 [notice] 1#1: start worker process 25
2025/12/10 12:18:15 [notice] 1#1: start worker process 26
2025/12/10 12:18:15 [notice] 1#1: start worker process 27
2025/12/10 12:18:15 [notice] 1#1: start worker process 28
2025/12/10 12:18:15 [notice] 1#1: start worker process 29
2025/12/10 12:18:15 [notice] 1#1: start worker process 30
2025/12/10 12:18:15 [notice] 1#1: start worker process 31
2025/12/10 12:18:15 [notice] 1#1: start worker process 32
2025/12/10 12:18:15 [notice] 1#1: start worker process 33
2025/12/10 12:18:15 [notice] 1#1: start worker process 34
2025/12/10 12:18:15 [notice] 1#1: start worker process 35
2025/12/10 12:20:30 [notice] 1#1: signal 3 (SIGQUIT) received, shutting down
2025/12/10 12:20:30 [notice] 20#20: gracefully shutting down
2025/12/10 12:20:30 [notice] 21#21: gracefully shutting down
2025/12/10 12:20:30 [notice] 22#22: gracefully shutting down
2025/12/10 12:20:30 [notice] 23#23: gracefully shutting down
2025/12/10 12:20:30 [notice] 24#24: gracefully shutting down
2025/12/10 12:20:30 [notice] 25#25: gracefully shutting down
2025/12/10 12:20:30 [notice] 26#26: gracefully shutting down
2025/12/10 12:20:30 [notice] 27#27: gracefully shutting down
2025/12/10 12:20:30 [notice] 28#28: gracefully shutting down
2025/12/10 12:20:30 [notice] 30#30: gracefully shutting down
2025/12/10 12:20:30 [notice] 29#29: gracefully shutting down
2025/12/10 12:20:30 [notice] 32#32: gracefully shutting down
2025/12/10 12:20:30 [notice] 31#31: gracefully shutting down
2025/12/10 12:20:30 [notice] 33#33: gracefully shutting down
2025/12/10 12:20:30 [notice] 34#34: gracefully shutting down
2025/12/10 12:20:30 [notice] 34#34: exiting
2025/12/10 12:20:30 [notice] 35#35: gracefully shutting down
2025/12/10 12:20:30 [notice] 20#20: exiting
2025/12/10 12:20:30 [notice] 21#21: exiting
2025/12/10 12:20:30 [notice] 22#22: exiting
2025/12/10 12:20:30 [notice] 23#23: exiting
2025/12/10 12:20:30 [notice] 24#24: exiting
2025/12/10 12:20:30 [notice] 25#25: exiting
2025/12/10 12:20:30 [notice] 26#26: exiting
2025/12/10 12:20:30 [notice] 27#27: exiting
2025/12/10 12:20:30 [notice] 28#28: exiting
2025/12/10 12:20:30 [notice] 30#30: exiting
2025/12/10 12:20:30 [notice] 29#29: exiting
2025/12/10 12:20:30 [notice] 32#32: exiting
2025/12/10 12:20:30 [notice] 31#31: exiting
2025/12/10 12:20:30 [notice] 33#33: exiting
2025/12/10 12:20:30 [notice] 34#34: exit
2025/12/10 12:20:30 [notice] 35#35: exiting
2025/12/10 12:20:30 [notice] 20#20: exit
2025/12/10 12:20:30 [notice] 21#21: exit
2025/12/10 12:20:30 [notice] 22#22: exit
2025/12/10 12:20:30 [notice] 23#23: exit
2025/12/10 12:20:30 [notice] 24#24: exit
2025/12/10 12:20:30 [notice] 25#25: exit
2025/12/10 12:20:30 [notice] 26#26: exit
2025/12/10 12:20:30 [notice] 27#27: exit
2025/12/10 12:20:30 [notice] 28#28: exit
2025/12/10 12:20:30 [notice] 30#30: exit
2025/12/10 12:20:30 [notice] 29#29: exit
2025/12/10 12:20:30 [notice] 32#32: exit
2025/12/10 12:20:30 [notice] 31#31: exit
2025/12/10 12:20:30 [notice] 33#33: exit
2025/12/10 12:20:30 [notice] 35#35: exit
2025/12/10 12:20:30 [notice] 1#1: signal 17 (SIGCHLD) received from 24
2025/12/10 12:20:30 [notice] 1#1: worker process 24 exited with code 0
2025/12/10 12:20:30 [notice] 1#1: worker process 25 exited with code 0
2025/12/10 12:20:30 [notice] 1#1: worker process 28 exited with code 0
2025/12/10 12:20:30 [notice] 1#1: worker process 30 exited with code 0
2025/12/10 12:20:30 [notice] 1#1: worker process 31 exited with code 0
2025/12/10 12:20:30 [notice] 1#1: worker process 32 exited with code 0
2025/12/10 12:20:30 [notice] 1#1: signal 29 (SIGIO) received
2025/12/10 12:20:30 [notice] 1#1: signal 17 (SIGCHLD) received from 33
2025/12/10 12:20:30 [notice] 1#1: worker process 20 exited with code 0
2025/12/10 12:20:30 [notice] 1#1: worker process 27 exited with code 0
2025/12/10 12:20:30 [notice] 1#1: worker process 33 exited with code 0
2025/12/10 12:20:30 [notice] 1#1: worker process 34 exited with code 0
2025/12/10 12:20:30 [notice] 1#1: signal 29 (SIGIO) received
2025/12/10 12:20:30 [notice] 1#1: signal 17 (SIGCHLD) received from 20
2025/12/10 12:20:30 [notice] 1#1: signal 17 (SIGCHLD) received from 22
2025/12/10 12:20:30 [notice] 1#1: worker process 21 exited with code 0
2025/12/10 12:20:30 [notice] 1#1: worker process 22 exited with code 0
2025/12/10 12:20:30 [notice] 1#1: worker process 26 exited with code 0
2025/12/10 12:20:30 [notice] 1#1: worker process 29 exited with code 0
2025/12/10 12:20:30 [notice] 1#1: worker process 35 exited with code 0
2025/12/10 12:20:30 [notice] 1#1: signal 29 (SIGIO) received
2025/12/10 12:20:30 [notice] 1#1: signal 17 (SIGCHLD) received from 21
2025/12/10 12:20:30 [notice] 1#1: signal 17 (SIGCHLD) received from 23
2025/12/10 12:20:30 [notice] 1#1: worker process 23 exited with code 0
2025/12/10 12:20:30 [notice] 1#1: exit
